0 info it worked if it ends with ok
1 verbose cli [ '/Users/mysterries/.nvm/versions/node/v5.10.1/bin/node',
1 verbose cli   '/Users/mysterries/.nvm/versions/node/v5.10.1/bin/npm',
1 verbose cli   'run',
1 verbose cli   'test' ]
2 info using npm@3.8.3
3 info using node@v5.10.1
4 verbose run-script [ 'pretest', 'test', 'posttest' ]
5 info lifecycle trees@1.0.0~pretest: trees@1.0.0
6 silly lifecycle trees@1.0.0~pretest: no script for pretest, continuing
7 info lifecycle trees@1.0.0~test: trees@1.0.0
8 verbose lifecycle trees@1.0.0~test: unsafe-perm in lifecycle true
9 verbose lifecycle trees@1.0.0~test: PATH: /Users/mysterries/.nvm/versions/node/v5.10.1/lib/node_modules/npm/bin/node-gyp-bin:/Users/mysterries/Documents/trees/node_modules/.bin:/Users/mysterries/.nvm/versions/node/v5.10.1/bin:/Users/mysterries/.nvm/versions/node/v5.10.1/bin:/Users/mysterries/.rbenv/shims:/usr/local/bin:/usr/bin:/bin:/usr/sbin:/sbin:/opt/X11/bin
10 verbose lifecycle trees@1.0.0~test: CWD: /Users/mysterries/Documents/trees
11 silly lifecycle trees@1.0.0~test: Args: [ '-c', 'mocha --compilers js:babel-core/register --recursive' ]
12 silly lifecycle trees@1.0.0~test: Returned: code: 1  signal: null
13 info lifecycle trees@1.0.0~test: Failed to exec test script
14 verbose stack Error: trees@1.0.0 test: `mocha --compilers js:babel-core/register --recursive`
14 verbose stack Exit status 1
14 verbose stack     at EventEmitter.<anonymous> (/Users/mysterries/.nvm/versions/node/v5.10.1/lib/node_modules/npm/lib/utils/lifecycle.js:239:16)
14 verbose stack     at emitTwo (events.js:100:13)
14 verbose stack     at EventEmitter.emit (events.js:185:7)
14 verbose stack     at ChildProcess.<anonymous> (/Users/mysterries/.nvm/versions/node/v5.10.1/lib/node_modules/npm/lib/utils/spawn.js:24:14)
14 verbose stack     at emitTwo (events.js:100:13)
14 verbose stack     at ChildProcess.emit (events.js:185:7)
14 verbose stack     at maybeClose (internal/child_process.js:850:16)
14 verbose stack     at Process.ChildProcess._handle.onexit (internal/child_process.js:215:5)
15 verbose pkgid trees@1.0.0
16 verbose cwd /Users/mysterries/Documents/trees
17 error Darwin 15.6.0
18 error argv "/Users/mysterries/.nvm/versions/node/v5.10.1/bin/node" "/Users/mysterries/.nvm/versions/node/v5.10.1/bin/npm" "run" "test"
19 error node v5.10.1
20 error npm  v3.8.3
21 error code ELIFECYCLE
22 error trees@1.0.0 test: `mocha --compilers js:babel-core/register --recursive`
22 error Exit status 1
23 error Failed at the trees@1.0.0 test script 'mocha --compilers js:babel-core/register --recursive'.
23 error Make sure you have the latest version of node.js and npm installed.
23 error If you do, this is most likely a problem with the trees package,
23 error not with npm itself.
23 error Tell the author that this fails on your system:
23 error     mocha --compilers js:babel-core/register --recursive
23 error You can get information on how to open an issue for this project with:
23 error     npm bugs trees
23 error Or if that isn't available, you can get their info via:
23 error     npm owner ls trees
23 error There is likely additional logging output above.
24 verbose exit [ 1, true ]
